<?xml version="1.0" encoding="UTF-8"?>
<!-- Generated by org.testng.reporters.JUnitReportReporter -->
<testsuite skipped="0" hostname="F515R72" name="TestCases.LoginPage" tests="4" failures="0" timestamp="2021-12-30T09:09:19 CAT" time="11.562" errors="0">
  <testcase name="VerifyLogin" time="4.812" classname="TestCases.LoginPage"/>
  <system-out/>
  <testcase name="VerifyLogin" time="2.876" classname="TestCases.LoginPage"/>
  <system-out/>
  <testcase name="VerifyLogin" time="0.926" classname="TestCases.LoginPage"/>
  <system-out/>
  <testcase name="VerifyLogin" time="2.948" classname="TestCases.LoginPage"/>
  <system-out/>
</testsuite> <!-- TestCases.LoginPage -->
