<?xml version="1.0" encoding="UTF-8"?>
<!-- Generated by org.testng.reporters.JUnitReportReporter -->
<testsuite skipped="0" hostname="F515R72" name="TestCases.LoginPage" tests="4" failures="0" timestamp="2021-12-30T10:15:44 CAT" time="10.035" errors="0">
  <testcase name="VerifyLogin" time="0.957" classname="TestCases.LoginPage"/>
  <system-out/>
  <testcase name="VerifyLogin" time="3.405" classname="TestCases.LoginPage"/>
  <system-out/>
  <testcase name="VerifyLogin" time="2.590" classname="TestCases.LoginPage"/>
  <system-out/>
  <testcase name="VerifyLogin" time="3.083" classname="TestCases.LoginPage"/>
  <system-out/>
</testsuite> <!-- TestCases.LoginPage -->
